{
  "stats": {
    "suites": 1,
    "tests": 0,
    "passes": 0,
    "pending": 0,
    "failures": 0,
    "start": "2026-02-22T15:05:57.403Z",
    "end": "2026-02-22T15:06:00.847Z",
    "duration": 3444,
    "testsRegistered": 2,
    "passPercent": 0,
    "pendingPercent": 0,
    "other": 1,
    "hasOther": true,
    "skipped": 2,
    "hasSkipped": true
  },
  "results": [
    {
      "uuid": "6cdc70fd-db6c-4a5e-939d-74730cf5ae21",
      "title": "",
      "fullFile": "C:\\Users\\adity\\OneDrive\\Desktop\\Q_A_Engineer_Project\\qa-automation-framework\\tests\\login.test.js",
      "file": "\\tests\\login.test.js",
      "beforeHooks": [],
      "afterHooks": [],
      "tests": [],
      "suites": [
        {
          "uuid": "18b9873c-b54a-40ef-a364-4a05a1bfaa0c",
          "title": "Login Tests",
          "fullFile": "C:\\Users\\adity\\OneDrive\\Desktop\\Q_A_Engineer_Project\\qa-automation-framework\\tests\\login.test.js",
          "file": "\\tests\\login.test.js",
          "beforeHooks": [
            {
              "title": "\"before all\" hook for \"should login with valid credentials\"",
              "fullTitle": "Login Tests \"before all\" hook for \"should login with valid credentials\"",
              "timedOut": false,
              "duration": 3316,
              "state": "failed",
              "speed": null,
              "pass": false,
              "fail": true,
              "pending": false,
              "context": null,
              "code": "driver = await new Builder().forBrowser('chrome').build();",
              "err": {
                "message": "Error: Timeout of 2000ms exceeded. For async tests and hooks, ensure \"done()\" is called; if returning a Promise, ensure it resolves. (C:\\Users\\adity\\OneDrive\\Desktop\\Q_A_Engineer_Project\\qa-automation-framework\\tests\\login.test.js)",
                "estack": "Error: Timeout of 2000ms exceeded. For async tests and hooks, ensure \"done()\" is called; if returning a Promise, ensure it resolves. (C:\\Users\\adity\\OneDrive\\Desktop\\Q_A_Engineer_Project\\qa-automation-framework\\tests\\login.test.js)\n    at process.processTicksAndRejections (node:internal/process/task_queues:105:5)",
                "diff": null
              },
              "uuid": "3c933df4-d2cf-4d58-a80b-9b927171220e",
              "parentUUID": "18b9873c-b54a-40ef-a364-4a05a1bfaa0c",
              "isHook": true,
              "skipped": false
            }
          ],
          "afterHooks": [
            {
              "title": "\"after all\" hook in \"Login Tests\"",
              "fullTitle": "Login Tests \"after all\" hook in \"Login Tests\"",
              "timedOut": false,
              "duration": 118,
              "state": null,
              "speed": null,
              "pass": false,
              "fail": false,
              "pending": false,
              "context": null,
              "code": "await driver.quit();",
              "err": {},
              "uuid": "62423234-9183-4fc3-9481-a471bef47f0e",
              "parentUUID": "18b9873c-b54a-40ef-a364-4a05a1bfaa0c",
              "isHook": true,
              "skipped": false
            }
          ],
          "tests": [
            {
              "title": "should login with valid credentials",
              "fullTitle": "Login Tests should login with valid credentials",
              "timedOut": false,
              "duration": 0,
              "state": null,
              "speed": null,
              "pass": false,
              "fail": false,
              "pending": false,
              "context": null,
              "code": "await driver.get('https://example.com/login');\nawait driver.findElement(By.id('username')).sendKeys(testData.validUser.username);\nawait driver.findElement(By.id('password')).sendKeys(testData.validUser.password);\nawait driver.findElement(By.id('loginButton')).click();\nconst welcomeMessage = await driver.wait(until.elementLocated(By.id('welcomeMessage')), 10000).getText();\nexpect(welcomeMessage).to.include('Welcome, testuser');",
              "err": {},
              "uuid": "bf6de9ef-7f8c-41bb-af7b-2082a12dac77",
              "parentUUID": "18b9873c-b54a-40ef-a364-4a05a1bfaa0c",
              "isHook": false,
              "skipped": true
            },
            {
              "title": "should not login with invalid credentials",
              "fullTitle": "Login Tests should not login with invalid credentials",
              "timedOut": false,
              "duration": 0,
              "state": null,
              "speed": null,
              "pass": false,
              "fail": false,
              "pending": false,
              "context": null,
              "code": "await driver.get('https://example.com/login');\nawait driver.findElement(By.id('username')).sendKeys(testData.invalidUser.username);\nawait driver.findElement(By.id('password')).sendKeys(testData.invalidUser.password);\nawait driver.findElement(By.id('loginButton')).click();\nconst errorMessage = await driver.wait(until.elementLocated(By.id('errorMessage')), 10000).getText();\nexpect(errorMessage).to.include('Invalid username or password');",
              "err": {},
              "uuid": "b9c7fba3-0492-4eff-b891-0465d8f28c6c",
              "parentUUID": "18b9873c-b54a-40ef-a364-4a05a1bfaa0c",
              "isHook": false,
              "skipped": true
            }
          ],
          "suites": [],
          "passes": [],
          "failures": [],
          "pending": [],
          "skipped": [
            "bf6de9ef-7f8c-41bb-af7b-2082a12dac77",
            "b9c7fba3-0492-4eff-b891-0465d8f28c6c"
          ],
          "duration": 0,
          "root": false,
          "rootEmpty": false,
          "_timeout": 2000
        }
      ],
      "passes": [],
      "failures": [],
      "pending": [],
      "skipped": [],
      "duration": 0,
      "root": true,
      "rootEmpty": true,
      "_timeout": 2000
    }
  ],
  "meta": {
    "mocha": {
      "version": "10.8.2"
    },
    "mochawesome": {
      "options": {
        "quiet": false,
        "reportFilename": "mochawesome",
        "saveHtml": true,
        "saveJson": true,
        "consoleReporter": "spec",
        "useInlineDiffs": false,
        "code": true
      },
      "version": "7.1.4"
    },
    "marge": {
      "options": null,
      "version": "6.3.2"
    }
  }
}